[github.com/flipped-aurora/gin-vue-admin/server]2023/03/19 - 00:04:46.250	[34minfo[0m	/pine/gin-vue-admin/server/initialize/gorm.go:60	register table success
[github.com/flipped-aurora/gin-vue-admin/server]2023/03/19 - 00:04:46.254	[34minfo[0m	/pine/gin-vue-admin/server/initialize/router.go:39	register swagger handler
[github.com/flipped-aurora/gin-vue-admin/server]2023/03/19 - 00:04:46.255	[34minfo[0m	/pine/gin-vue-admin/server/initialize/router.go:75	router register success
[github.com/flipped-aurora/gin-vue-admin/server]2023/03/19 - 00:04:46.255	[34minfo[0m	/pine/gin-vue-admin/server/core/server.go:36	server run success on 	{"address": ":7654"}
[github.com/flipped-aurora/gin-vue-admin/server]2023/03/19 - 00:23:05.413	[34minfo[0m	/pine/gin-vue-admin/server/initialize/gorm.go:60	register table success
[github.com/flipped-aurora/gin-vue-admin/server]2023/03/19 - 00:23:05.424	[34minfo[0m	/pine/gin-vue-admin/server/initialize/router.go:39	register swagger handler
[github.com/flipped-aurora/gin-vue-admin/server]2023/03/19 - 00:23:05.425	[34minfo[0m	/pine/gin-vue-admin/server/initialize/router.go:75	router register success
[github.com/flipped-aurora/gin-vue-admin/server]2023/03/19 - 00:23:05.425	[34minfo[0m	/pine/gin-vue-admin/server/core/server.go:36	server run success on 	{"address": ":7654"}
[github.com/flipped-aurora/gin-vue-admin/server]2023/03/19 - 00:26:06.735	[34minfo[0m	/pine/gin-vue-admin/server/initialize/gorm.go:60	register table success
[github.com/flipped-aurora/gin-vue-admin/server]2023/03/19 - 00:26:06.738	[34minfo[0m	/pine/gin-vue-admin/server/initialize/router.go:39	register swagger handler
[github.com/flipped-aurora/gin-vue-admin/server]2023/03/19 - 00:26:06.739	[34minfo[0m	/pine/gin-vue-admin/server/initialize/router.go:75	router register success
[github.com/flipped-aurora/gin-vue-admin/server]2023/03/19 - 00:26:06.740	[34minfo[0m	/pine/gin-vue-admin/server/core/server.go:36	server run success on 	{"address": ":7654"}
[github.com/flipped-aurora/gin-vue-admin/server]2023/03/19 - 00:35:14.100	[34minfo[0m	/pine/gin-vue-admin/server/initialize/gorm.go:60	register table success
[github.com/flipped-aurora/gin-vue-admin/server]2023/03/19 - 00:35:14.105	[34minfo[0m	/pine/gin-vue-admin/server/initialize/router.go:39	register swagger handler
[github.com/flipped-aurora/gin-vue-admin/server]2023/03/19 - 00:35:14.109	[34minfo[0m	/pine/gin-vue-admin/server/initialize/router.go:75	router register success
[github.com/flipped-aurora/gin-vue-admin/server]2023/03/19 - 00:35:14.109	[34minfo[0m	/pine/gin-vue-admin/server/core/server.go:36	server run success on 	{"address": ":7654"}
[github.com/flipped-aurora/gin-vue-admin/server]2023/03/19 - 00:47:38.851	[34minfo[0m	/pine/gin-vue-admin/server/initialize/gorm.go:60	register table success
[github.com/flipped-aurora/gin-vue-admin/server]2023/03/19 - 00:47:38.860	[34minfo[0m	/pine/gin-vue-admin/server/initialize/router.go:39	register swagger handler
[github.com/flipped-aurora/gin-vue-admin/server]2023/03/19 - 00:47:38.861	[34minfo[0m	/pine/gin-vue-admin/server/initialize/router.go:75	router register success
[github.com/flipped-aurora/gin-vue-admin/server]2023/03/19 - 00:47:38.861	[34minfo[0m	/pine/gin-vue-admin/server/core/server.go:36	server run success on 	{"address": ":7654"}
[github.com/flipped-aurora/gin-vue-admin/server]2023/03/19 - 00:52:16.523	[34minfo[0m	/pine/gin-vue-admin/server/initialize/gorm.go:60	register table success
[github.com/flipped-aurora/gin-vue-admin/server]2023/03/19 - 00:52:16.527	[34minfo[0m	/pine/gin-vue-admin/server/initialize/router.go:39	register swagger handler
[github.com/flipped-aurora/gin-vue-admin/server]2023/03/19 - 00:52:16.533	[34minfo[0m	/pine/gin-vue-admin/server/initialize/router.go:75	router register success
[github.com/flipped-aurora/gin-vue-admin/server]2023/03/19 - 00:52:16.533	[34minfo[0m	/pine/gin-vue-admin/server/core/server.go:36	server run success on 	{"address": ":7654"}
[github.com/flipped-aurora/gin-vue-admin/server]2023/03/19 - 00:52:59.054	[34minfo[0m	/pine/gin-vue-admin/server/initialize/gorm.go:60	register table success
[github.com/flipped-aurora/gin-vue-admin/server]2023/03/19 - 00:52:59.057	[34minfo[0m	/pine/gin-vue-admin/server/initialize/router.go:39	register swagger handler
[github.com/flipped-aurora/gin-vue-admin/server]2023/03/19 - 00:52:59.059	[34minfo[0m	/pine/gin-vue-admin/server/initialize/router.go:75	router register success
[github.com/flipped-aurora/gin-vue-admin/server]2023/03/19 - 00:52:59.060	[34minfo[0m	/pine/gin-vue-admin/server/core/server.go:36	server run success on 	{"address": ":7654"}
[github.com/flipped-aurora/gin-vue-admin/server]2023/03/19 - 01:08:51.653	[34minfo[0m	/pine/gin-vue-admin/server/initialize/gorm.go:60	register table success
[github.com/flipped-aurora/gin-vue-admin/server]2023/03/19 - 01:08:51.655	[34minfo[0m	/pine/gin-vue-admin/server/initialize/router.go:39	register swagger handler
[github.com/flipped-aurora/gin-vue-admin/server]2023/03/19 - 01:08:51.657	[34minfo[0m	/pine/gin-vue-admin/server/initialize/router.go:75	router register success
[github.com/flipped-aurora/gin-vue-admin/server]2023/03/19 - 01:08:51.657	[34minfo[0m	/pine/gin-vue-admin/server/core/server.go:36	server run success on 	{"address": ":7654"}
[github.com/flipped-aurora/gin-vue-admin/server]2023/03/19 - 01:11:42.205	[34minfo[0m	/pine/gin-vue-admin/server/initialize/gorm.go:60	register table success
[github.com/flipped-aurora/gin-vue-admin/server]2023/03/19 - 01:11:42.207	[34minfo[0m	/pine/gin-vue-admin/server/initialize/router.go:39	register swagger handler
[github.com/flipped-aurora/gin-vue-admin/server]2023/03/19 - 01:11:42.208	[34minfo[0m	/pine/gin-vue-admin/server/initialize/router.go:75	router register success
[github.com/flipped-aurora/gin-vue-admin/server]2023/03/19 - 01:11:42.209	[34minfo[0m	/pine/gin-vue-admin/server/core/server.go:36	server run success on 	{"address": ":7654"}
[github.com/flipped-aurora/gin-vue-admin/server]2023/03/19 - 01:15:18.943	[34minfo[0m	/pine/gin-vue-admin/server/initialize/gorm.go:60	register table success
[github.com/flipped-aurora/gin-vue-admin/server]2023/03/19 - 01:15:18.945	[34minfo[0m	/pine/gin-vue-admin/server/initialize/router.go:39	register swagger handler
[github.com/flipped-aurora/gin-vue-admin/server]2023/03/19 - 01:15:18.948	[34minfo[0m	/pine/gin-vue-admin/server/initialize/router.go:77	router register success
[github.com/flipped-aurora/gin-vue-admin/server]2023/03/19 - 01:15:18.948	[34minfo[0m	/pine/gin-vue-admin/server/core/server.go:36	server run success on 	{"address": ":7654"}
[github.com/flipped-aurora/gin-vue-admin/server]2023/03/19 - 01:19:59.378	[34minfo[0m	/pine/gin-vue-admin/server/initialize/gorm.go:60	register table success
[github.com/flipped-aurora/gin-vue-admin/server]2023/03/19 - 01:19:59.386	[34minfo[0m	/pine/gin-vue-admin/server/initialize/router.go:39	register swagger handler
[github.com/flipped-aurora/gin-vue-admin/server]2023/03/19 - 01:19:59.387	[34minfo[0m	/pine/gin-vue-admin/server/initialize/router.go:77	router register success
[github.com/flipped-aurora/gin-vue-admin/server]2023/03/19 - 01:19:59.387	[34minfo[0m	/pine/gin-vue-admin/server/core/server.go:36	server run success on 	{"address": ":7654"}
[github.com/flipped-aurora/gin-vue-admin/server]2023/03/19 - 01:21:09.947	[34minfo[0m	/pine/gin-vue-admin/server/initialize/gorm.go:60	register table success
[github.com/flipped-aurora/gin-vue-admin/server]2023/03/19 - 01:21:09.949	[34minfo[0m	/pine/gin-vue-admin/server/initialize/router.go:39	register swagger handler
[github.com/flipped-aurora/gin-vue-admin/server]2023/03/19 - 01:21:09.950	[34minfo[0m	/pine/gin-vue-admin/server/initialize/router.go:77	router register success
[github.com/flipped-aurora/gin-vue-admin/server]2023/03/19 - 01:21:09.950	[34minfo[0m	/pine/gin-vue-admin/server/core/server.go:36	server run success on 	{"address": ":7654"}
[github.com/flipped-aurora/gin-vue-admin/server]2023/03/19 - 01:34:35.109	[34minfo[0m	/pine/gin-vue-admin/server/initialize/gorm.go:60	register table success
[github.com/flipped-aurora/gin-vue-admin/server]2023/03/19 - 01:34:35.133	[34minfo[0m	/pine/gin-vue-admin/server/initialize/router.go:39	register swagger handler
[github.com/flipped-aurora/gin-vue-admin/server]2023/03/19 - 01:34:35.134	[34minfo[0m	/pine/gin-vue-admin/server/initialize/router.go:77	router register success
[github.com/flipped-aurora/gin-vue-admin/server]2023/03/19 - 01:34:35.135	[34minfo[0m	/pine/gin-vue-admin/server/core/server.go:36	server run success on 	{"address": ":7654"}
[github.com/flipped-aurora/gin-vue-admin/server]2023/03/19 - 01:46:23.451	[34minfo[0m	/pine/gin-vue-admin/server/initialize/gorm.go:60	register table success
[github.com/flipped-aurora/gin-vue-admin/server]2023/03/19 - 01:46:23.454	[34minfo[0m	/pine/gin-vue-admin/server/initialize/router.go:39	register swagger handler
[github.com/flipped-aurora/gin-vue-admin/server]2023/03/19 - 01:46:23.456	[34minfo[0m	/pine/gin-vue-admin/server/initialize/router.go:77	router register success
[github.com/flipped-aurora/gin-vue-admin/server]2023/03/19 - 01:46:23.456	[34minfo[0m	/pine/gin-vue-admin/server/core/server.go:36	server run success on 	{"address": ":7654"}
[github.com/flipped-aurora/gin-vue-admin/server]2023/03/19 - 02:42:50.506	[34minfo[0m	/pine/gin-vue-admin/server/initialize/gorm.go:60	register table success
[github.com/flipped-aurora/gin-vue-admin/server]2023/03/19 - 02:42:50.509	[34minfo[0m	/pine/gin-vue-admin/server/initialize/router.go:39	register swagger handler
[github.com/flipped-aurora/gin-vue-admin/server]2023/03/19 - 02:42:50.511	[34minfo[0m	/pine/gin-vue-admin/server/initialize/router.go:77	router register success
[github.com/flipped-aurora/gin-vue-admin/server]2023/03/19 - 02:42:50.511	[34minfo[0m	/pine/gin-vue-admin/server/core/server.go:36	server run success on 	{"address": ":7654"}
[github.com/flipped-aurora/gin-vue-admin/server]2023/03/19 - 03:11:43.969	[34minfo[0m	/pine/gin-vue-admin/server/initialize/gorm.go:60	register table success
[github.com/flipped-aurora/gin-vue-admin/server]2023/03/19 - 03:11:43.971	[34minfo[0m	/pine/gin-vue-admin/server/initialize/router.go:39	register swagger handler
[github.com/flipped-aurora/gin-vue-admin/server]2023/03/19 - 03:11:43.973	[34minfo[0m	/pine/gin-vue-admin/server/initialize/router.go:77	router register success
[github.com/flipped-aurora/gin-vue-admin/server]2023/03/19 - 03:11:43.973	[34minfo[0m	/pine/gin-vue-admin/server/core/server.go:36	server run success on 	{"address": ":7654"}
[github.com/flipped-aurora/gin-vue-admin/server]2023/03/19 - 03:34:31.337	[34minfo[0m	/pine/gin-vue-admin/server/initialize/gorm.go:60	register table success
[github.com/flipped-aurora/gin-vue-admin/server]2023/03/19 - 03:34:31.351	[34minfo[0m	/pine/gin-vue-admin/server/initialize/router.go:39	register swagger handler
[github.com/flipped-aurora/gin-vue-admin/server]2023/03/19 - 03:34:31.353	[34minfo[0m	/pine/gin-vue-admin/server/initialize/router.go:77	router register success
[github.com/flipped-aurora/gin-vue-admin/server]2023/03/19 - 03:34:31.353	[34minfo[0m	/pine/gin-vue-admin/server/core/server.go:36	server run success on 	{"address": ":7654"}
[github.com/flipped-aurora/gin-vue-admin/server]2023/03/19 - 03:41:30.426	[34minfo[0m	/pine/gin-vue-admin/server/initialize/gorm.go:60	register table success
[github.com/flipped-aurora/gin-vue-admin/server]2023/03/19 - 03:41:30.431	[34minfo[0m	/pine/gin-vue-admin/server/initialize/router.go:39	register swagger handler
[github.com/flipped-aurora/gin-vue-admin/server]2023/03/19 - 03:41:30.433	[34minfo[0m	/pine/gin-vue-admin/server/initialize/router.go:77	router register success
[github.com/flipped-aurora/gin-vue-admin/server]2023/03/19 - 03:41:30.433	[34minfo[0m	/pine/gin-vue-admin/server/core/server.go:36	server run success on 	{"address": ":7654"}
[github.com/flipped-aurora/gin-vue-admin/server]2023/03/19 - 03:53:08.303	[34minfo[0m	/pine/gin-vue-admin/server/initialize/gorm.go:60	register table success
[github.com/flipped-aurora/gin-vue-admin/server]2023/03/19 - 03:53:08.306	[34minfo[0m	/pine/gin-vue-admin/server/initialize/router.go:39	register swagger handler
[github.com/flipped-aurora/gin-vue-admin/server]2023/03/19 - 03:53:08.308	[34minfo[0m	/pine/gin-vue-admin/server/initialize/router.go:77	router register success
[github.com/flipped-aurora/gin-vue-admin/server]2023/03/19 - 03:53:08.308	[34minfo[0m	/pine/gin-vue-admin/server/core/server.go:36	server run success on 	{"address": ":7654"}
[github.com/flipped-aurora/gin-vue-admin/server]2023/03/19 - 04:05:20.494	[34minfo[0m	/pine/gvm-admin/initialize/gorm.go:60	register table success
[github.com/flipped-aurora/gin-vue-admin/server]2023/03/19 - 04:05:20.544	[34minfo[0m	/pine/gvm-admin/initialize/router.go:39	register swagger handler
[github.com/flipped-aurora/gin-vue-admin/server]2023/03/19 - 04:05:20.545	[34minfo[0m	/pine/gvm-admin/initialize/router.go:77	router register success
[github.com/flipped-aurora/gin-vue-admin/server]2023/03/19 - 04:05:20.546	[34minfo[0m	/pine/gvm-admin/core/server.go:36	server run success on 	{"address": ":7654"}
[github.com/flipped-aurora/gin-vue-admin/server]2023/03/19 - 04:15:26.661	[34minfo[0m	/pine/gvm-admin/initialize/gorm.go:60	register table success
[github.com/flipped-aurora/gin-vue-admin/server]2023/03/19 - 04:15:26.669	[34minfo[0m	/pine/gvm-admin/initialize/router.go:39	register swagger handler
[github.com/flipped-aurora/gin-vue-admin/server]2023/03/19 - 04:15:26.671	[34minfo[0m	/pine/gvm-admin/initialize/router.go:77	router register success
[github.com/flipped-aurora/gin-vue-admin/server]2023/03/19 - 04:15:26.671	[34minfo[0m	/pine/gvm-admin/core/server.go:36	server run success on 	{"address": ":7654"}
[github.com/flipped-aurora/gin-vue-admin/server]2023/03/19 - 04:26:17.972	[34minfo[0m	/pine/gvm-admin/initialize/gorm.go:60	register table success
[github.com/flipped-aurora/gin-vue-admin/server]2023/03/19 - 04:26:17.981	[34minfo[0m	/pine/gvm-admin/initialize/router.go:39	register swagger handler
[github.com/flipped-aurora/gin-vue-admin/server]2023/03/19 - 04:26:17.983	[34minfo[0m	/pine/gvm-admin/initialize/router.go:77	router register success
[github.com/flipped-aurora/gin-vue-admin/server]2023/03/19 - 04:26:17.983	[34minfo[0m	/pine/gvm-admin/core/server.go:36	server run success on 	{"address": ":7654"}
[github.com/flipped-aurora/gin-vue-admin/server]2023/03/19 - 04:45:02.508	[34minfo[0m	/pine/gvm-admin/initialize/gorm.go:60	register table success
[github.com/flipped-aurora/gin-vue-admin/server]2023/03/19 - 04:45:02.513	[34minfo[0m	/pine/gvm-admin/initialize/router.go:39	register swagger handler
[github.com/flipped-aurora/gin-vue-admin/server]2023/03/19 - 04:45:02.516	[34minfo[0m	/pine/gvm-admin/initialize/router.go:77	router register success
[github.com/flipped-aurora/gin-vue-admin/server]2023/03/19 - 04:45:02.516	[34minfo[0m	/pine/gvm-admin/core/server.go:36	server run success on 	{"address": ":7654"}
[github.com/flipped-aurora/gin-vue-admin/server]2023/03/19 - 16:13:59.663	[34minfo[0m	/pine/gvm-admin/initialize/gorm.go:60	register table success
[github.com/flipped-aurora/gin-vue-admin/server]2023/03/19 - 16:13:59.666	[34minfo[0m	/pine/gvm-admin/initialize/router.go:39	register swagger handler
[github.com/flipped-aurora/gin-vue-admin/server]2023/03/19 - 16:13:59.668	[34minfo[0m	/pine/gvm-admin/initialize/router.go:77	router register success
[github.com/flipped-aurora/gin-vue-admin/server]2023/03/19 - 16:13:59.668	[34minfo[0m	/pine/gvm-admin/core/server.go:36	server run success on 	{"address": ":7654"}
[github.com/flipped-aurora/gin-vue-admin/server]2023/03/19 - 17:32:04.166	[34minfo[0m	/pine/gvm-admin/initialize/gorm.go:60	register table success
[github.com/flipped-aurora/gin-vue-admin/server]2023/03/19 - 17:32:04.181	[34minfo[0m	/pine/gvm-admin/initialize/router.go:39	register swagger handler
[github.com/flipped-aurora/gin-vue-admin/server]2023/03/19 - 17:32:04.185	[34minfo[0m	/pine/gvm-admin/initialize/router.go:77	router register success
[github.com/flipped-aurora/gin-vue-admin/server]2023/03/19 - 17:32:04.185	[34minfo[0m	/pine/gvm-admin/core/server.go:36	server run success on 	{"address": ":7654"}
[github.com/flipped-aurora/gin-vue-admin/server]2023/03/19 - 17:37:16.375	[34minfo[0m	/pine/gvm-admin/initialize/gorm.go:60	register table success
[github.com/flipped-aurora/gin-vue-admin/server]2023/03/19 - 17:37:16.379	[34minfo[0m	/pine/gvm-admin/initialize/router.go:39	register swagger handler
[github.com/flipped-aurora/gin-vue-admin/server]2023/03/19 - 17:37:16.380	[34minfo[0m	/pine/gvm-admin/initialize/router.go:77	router register success
[github.com/flipped-aurora/gin-vue-admin/server]2023/03/19 - 17:37:16.381	[34minfo[0m	/pine/gvm-admin/core/server.go:36	server run success on 	{"address": ":7654"}
[github.com/flipped-aurora/gin-vue-admin/server]2023/03/19 - 17:49:41.223	[34minfo[0m	/pine/gvm-admin/initialize/gorm.go:60	register table success
[github.com/flipped-aurora/gin-vue-admin/server]2023/03/19 - 17:49:41.226	[34minfo[0m	/pine/gvm-admin/initialize/router.go:39	register swagger handler
[github.com/flipped-aurora/gin-vue-admin/server]2023/03/19 - 17:49:41.228	[34minfo[0m	/pine/gvm-admin/initialize/router.go:77	router register success
[github.com/flipped-aurora/gin-vue-admin/server]2023/03/19 - 17:49:41.229	[34minfo[0m	/pine/gvm-admin/core/server.go:36	server run success on 	{"address": ":7654"}
[github.com/flipped-aurora/gin-vue-admin/server]2023/03/19 - 18:37:31.771	[34minfo[0m	/pine/gvm-admin/initialize/gorm.go:60	register table success
[github.com/flipped-aurora/gin-vue-admin/server]2023/03/19 - 18:37:31.798	[34minfo[0m	/pine/gvm-admin/initialize/router.go:39	register swagger handler
[github.com/flipped-aurora/gin-vue-admin/server]2023/03/19 - 18:37:31.801	[34minfo[0m	/pine/gvm-admin/initialize/router.go:77	router register success
[github.com/flipped-aurora/gin-vue-admin/server]2023/03/19 - 18:37:31.801	[34minfo[0m	/pine/gvm-admin/core/server.go:36	server run success on 	{"address": ":7654"}
[github.com/flipped-aurora/gin-vue-admin/server]2023/03/19 - 19:21:47.136	[34minfo[0m	/pine/gvm-admin/initialize/gorm.go:60	register table success
[github.com/flipped-aurora/gin-vue-admin/server]2023/03/19 - 19:21:47.139	[34minfo[0m	/pine/gvm-admin/initialize/router.go:39	register swagger handler
[github.com/flipped-aurora/gin-vue-admin/server]2023/03/19 - 19:21:47.140	[34minfo[0m	/pine/gvm-admin/initialize/router.go:77	router register success
[github.com/flipped-aurora/gin-vue-admin/server]2023/03/19 - 19:21:47.140	[34minfo[0m	/pine/gvm-admin/core/server.go:36	server run success on 	{"address": ":7654"}
[github.com/flipped-aurora/gin-vue-admin/server]2023/03/19 - 19:33:35.253	[34minfo[0m	/pine/gvm-admin/initialize/gorm.go:60	register table success
[github.com/flipped-aurora/gin-vue-admin/server]2023/03/19 - 19:33:35.258	[34minfo[0m	/pine/gvm-admin/initialize/router.go:39	register swagger handler
[github.com/flipped-aurora/gin-vue-admin/server]2023/03/19 - 19:33:35.259	[34minfo[0m	/pine/gvm-admin/initialize/router.go:77	router register success
[github.com/flipped-aurora/gin-vue-admin/server]2023/03/19 - 19:33:35.260	[34minfo[0m	/pine/gvm-admin/core/server.go:36	server run success on 	{"address": ":7654"}
[github.com/flipped-aurora/gin-vue-admin/server]2023/03/19 - 23:53:26.041	[34minfo[0m	/pine/gvm-admin/initialize/gorm.go:60	register table success
[github.com/flipped-aurora/gin-vue-admin/server]2023/03/19 - 23:53:26.047	[34minfo[0m	/pine/gvm-admin/initialize/router.go:39	register swagger handler
[github.com/flipped-aurora/gin-vue-admin/server]2023/03/19 - 23:53:26.050	[34minfo[0m	/pine/gvm-admin/initialize/router.go:82	router register success
[github.com/flipped-aurora/gin-vue-admin/server]2023/03/19 - 23:53:26.050	[34minfo[0m	/pine/gvm-admin/core/server.go:36	server run success on 	{"address": ":7654"}
